{"/home/lyli/trybe/trybe_exercises/fundamentos/bloco7_JSES6/dia7-3/exercDoDia/printMessage.js": {"path":"/home/lyli/trybe/trybe_exercises/fundamentos/bloco7_JSES6/dia7-3/exercDoDia/printMessage.js","statementMap":{"0":{"start":{"line":3,"column":11},"end":{"line":7,"column":1}},"1":{"start":{"line":9,"column":21},"end":{"line":11,"column":1}},"2":{"start":{"line":10,"column":2},"end":{"line":10,"column":54}},"3":{"start":{"line":13,"column":0},"end":{"line":13,"column":32}},"4":{"start":{"line":15,"column":0},"end":{"line":15,"column":38}}},"fnMap":{"0":{"name":"(anonymous_0)","decl":{"start":{"line":9,"column":21},"end":{"line":9,"column":22}},"loc":{"start":{"line":9,"column":40},"end":{"line":11,"column":1}},"line":9}},"branchMap":{},"s":{"0":1,"1":1,"2":2,"3":1,"4":1},"f":{"0":2},"b":{},"_coverageSchema":"1a1c01bbd47fc00a2c39e90264f33305004495a9","hash":"3434a41f42d838b0339d97f662e0872832e3eac6"}
,"/home/lyli/trybe/trybe_exercises/fundamentos/bloco7_JSES6/dia7-3/exercDoDia/sum.js": {"path":"/home/lyli/trybe/trybe_exercises/fundamentos/bloco7_JSES6/dia7-3/exercDoDia/sum.js","statementMap":{"0":{"start":{"line":5,"column":2},"end":{"line":7,"column":3}},"1":{"start":{"line":6,"column":4},"end":{"line":6,"column":50}},"2":{"start":{"line":9,"column":2},"end":{"line":9,"column":15}},"3":{"start":{"line":12,"column":0},"end":{"line":12,"column":21}}},"fnMap":{"0":{"name":"sum","decl":{"start":{"line":4,"column":9},"end":{"line":4,"column":12}},"loc":{"start":{"line":4,"column":19},"end":{"line":10,"column":1}},"line":4}},"branchMap":{"0":{"loc":{"start":{"line":5,"column":2},"end":{"line":7,"column":3}},"type":"if","locations":[{"start":{"line":5,"column":2},"end":{"line":7,"column":3}},{"start":{},"end":{}}],"line":5},"1":{"loc":{"start":{"line":5,"column":6},"end":{"line":5,"column":52}},"type":"binary-expr","locations":[{"start":{"line":5,"column":6},"end":{"line":5,"column":27}},{"start":{"line":5,"column":31},"end":{"line":5,"column":52}}],"line":5}},"s":{"0":4,"1":2,"2":2,"3":1},"f":{"0":4},"b":{"0":[2,2],"1":[4,4]},"_coverageSchema":"1a1c01bbd47fc00a2c39e90264f33305004495a9","hash":"6d58c53ef3b63279220c7731ddc49f773bb7eb9f"}
}
